0 info it worked if it ends with ok
1 verbose cli [ 'C:\\Program Files\\nodejs\\node.exe',
1 verbose cli   'C:\\Program Files\\nodejs\\node_modules\\npm\\bin\\npm-cli.js',
1 verbose cli   'run',
1 verbose cli   'protractor' ]
2 info using npm@3.10.3
3 info using node@v6.3.1
4 verbose run-script [ 'preprotractor', 'protractor', 'postprotractor' ]
5 info lifecycle gothamCar@1.0.0~preprotractor: gothamCar@1.0.0
6 verbose lifecycle gothamCar@1.0.0~preprotractor: unsafe-perm in lifecycle true
7 verbose lifecycle gothamCar@1.0.0~preprotractor: PATH: C:\Program Files\nodejs\node_modules\npm\bin\node-gyp-bin;C:\Users\Training\Documents\dev\gothamCar\node_modules\.bin;C:\Program Files\nodejs;C:\ProgramData\Oracle\Java\javapath;C:\Windows\system32;C:\Windows;C:\Windows\System32\Wbem;C:\Windows\System32\WindowsPowerShell\v1.0\;C:\Program Files\nodejs\;C:\Program Files\Git\cmd;C:\Users\Training\exercism;C:\Ruby23-x64\bin;C:\Users\Training\AppData\Roaming\npm;C:\Users\Training\AppData\Local\atom\bin
8 verbose lifecycle gothamCar@1.0.0~preprotractor: CWD: C:\Users\Training\Documents\dev\gothamCar
9 silly lifecycle gothamCar@1.0.0~preprotractor: Args: [ '/d /s /c', 'npm run update-webdriver' ]
10 silly lifecycle gothamCar@1.0.0~preprotractor: Returned: code: 0  signal: null
11 info lifecycle gothamCar@1.0.0~protractor: gothamCar@1.0.0
12 verbose lifecycle gothamCar@1.0.0~protractor: unsafe-perm in lifecycle true
13 verbose lifecycle gothamCar@1.0.0~protractor: PATH: C:\Program Files\nodejs\node_modules\npm\bin\node-gyp-bin;C:\Users\Training\Documents\dev\gothamCar\node_modules\.bin;C:\Program Files\nodejs;C:\ProgramData\Oracle\Java\javapath;C:\Windows\system32;C:\Windows;C:\Windows\System32\Wbem;C:\Windows\System32\WindowsPowerShell\v1.0\;C:\Program Files\nodejs\;C:\Program Files\Git\cmd;C:\Users\Training\exercism;C:\Ruby23-x64\bin;C:\Users\Training\AppData\Roaming\npm;C:\Users\Training\AppData\Local\atom\bin
14 verbose lifecycle gothamCar@1.0.0~protractor: CWD: C:\Users\Training\Documents\dev\gothamCar
15 silly lifecycle gothamCar@1.0.0~protractor: Args: [ '/d /s /c', 'protractor test/e2e/protractor.conf.js' ]
16 silly lifecycle gothamCar@1.0.0~protractor: Returned: code: 199  signal: null
17 info lifecycle gothamCar@1.0.0~protractor: Failed to exec protractor script
18 verbose stack Error: gothamCar@1.0.0 protractor: `protractor test/e2e/protractor.conf.js`
18 verbose stack Exit status 199
18 verbose stack     at EventEmitter.<anonymous> (C:\Program Files\nodejs\node_modules\npm\lib\utils\lifecycle.js:242:16)
18 verbose stack     at emitTwo (events.js:106:13)
18 verbose stack     at EventEmitter.emit (events.js:191:7)
18 verbose stack     at ChildProcess.<anonymous> (C:\Program Files\nodejs\node_modules\npm\lib\utils\spawn.js:40:14)
18 verbose stack     at emitTwo (events.js:106:13)
18 verbose stack     at ChildProcess.emit (events.js:191:7)
18 verbose stack     at maybeClose (internal/child_process.js:852:16)
18 verbose stack     at Process.ChildProcess._handle.onexit (internal/child_process.js:215:5)
19 verbose pkgid gothamCar@1.0.0
20 verbose cwd C:\Users\Training\Documents\dev\gothamCar
21 error Windows_NT 6.1.7601
22 error argv "C:\\Program Files\\nodejs\\node.exe" "C:\\Program Files\\nodejs\\node_modules\\npm\\bin\\npm-cli.js" "run" "protractor"
23 error node v6.3.1
24 error npm  v3.10.3
25 error code ELIFECYCLE
26 error gothamCar@1.0.0 protractor: `protractor test/e2e/protractor.conf.js`
26 error Exit status 199
27 error Failed at the gothamCar@1.0.0 protractor script 'protractor test/e2e/protractor.conf.js'.
27 error Make sure you have the latest version of node.js and npm installed.
27 error If you do, this is most likely a problem with the gothamCar package,
27 error not with npm itself.
27 error Tell the author that this fails on your system:
27 error     protractor test/e2e/protractor.conf.js
27 error You can get information on how to open an issue for this project with:
27 error     npm bugs gothamCar
27 error Or if that isn't available, you can get their info via:
27 error     npm owner ls gothamCar
27 error There is likely additional logging output above.
28 verbose exit [ 1, true ]
